<?xml version="1.0" encoding="utf-8" ?>
<config xmlns="http://www.ehcache.org/v3"
        xmlns:jcache="http://www.ehcache.org/v3/jsr107">

    <cache alias="foo">
        <key-type>java.lang.String</key-type>
        <value-type>java.lang.String</value-type>
        <expiry>
            <ttl unit="seconds">20</ttl>
        </expiry>

        <!--自定义过期  MyExpiry实现Expiry<K, V>接口-->
        <!--
        <expiry>
            <class>com.pany.ehcache.MyExpiry</class>
        </expiry>
        -->
        <!--<heap>100</heap>-->
        <resources>
            <heap unit="entries">2000</heap>
            <offheap unit="MB">500</offheap>
        </resources>
    </cache>

    <cache-template name="myDefaults">
        <key-type>java.lang.Long</key-type>
        <value-type>java.lang.String</value-type>
        <heap unit="entries">200</heap>
    </cache-template>

    <cache alias="bar" uses-template="myDefaults">
        <key-type>java.lang.Number</key-type>
    </cache>

    <cache alias="simpleCache" uses-template="myDefaults" />
</config>
